<?xml version="1.0" encoding="UTF-8"?>
<testsuite xmlns:xsi="http://www.w3.org/2001/XMLSchema-instance" xsi:noNamespaceSchemaLocation="https://maven.apache.org/surefire/maven-surefire-plugin/xsd/surefire-test-report-3.0.xsd" version="3.0" name="com.appzara.rest.controller.PriceControllerITest" time="10.628" tests="5" errors="0" skipped="0" failures="0">
  <properties>
[...]
</properties>
  <testcase name="should_return_price_list_case_1_test" classname="com.appzara.rest.controller.PriceControllerITest" time="1.232">
    <system-out><![CDATA[
  .   ____          _            __ _ _
 /\\ / ___'_ __ _ _(_)_ __  __ _ \ \ \ \
( ( )\___ | '_ | '_| | '_ \/ _` | \ \ \ \
 \\/  ___)| |_)| | | | | || (_| |  ) ) ) )
  '  |____| .__|_| |_|_| |_\__, | / / / /
 =========|_|==============|___/=/_/_/_/
 :: Spring Boot ::                (v3.1.3)

2023-09-07T10:00:31.772+02:00  INFO 23907 --- [           main] c.a.r.controller.PriceControllerITest    : Starting PriceControllerITest using Java 17.0.8 with PID 23907 (started by laurocorreia in /Users/laurocorreia/Documents/GitHub/appzara/appzara/bootstrap)
2023-09-07T10:00:31.777+02:00  INFO 23907 --- [           main] c.a.r.controller.PriceControllerITest    : The following 1 profile is active: "test"
2023-09-07T10:00:32.974+02:00  INFO 23907 --- [           main] .s.d.r.c.RepositoryConfigurationDelegate : Bootstrapping Spring Data JPA repositories in DEFAULT mode.
2023-09-07T10:00:33.074+02:00  INFO 23907 --- [           main] .s.d.r.c.RepositoryConfigurationDelegate : Finished Spring Data repository scanning in 84 ms. Found 1 JPA repository interfaces.
2023-09-07T10:00:33.749+02:00  INFO 23907 --- [           main] o.hibernate.jpa.internal.util.LogHelper  : HHH000204: Processing PersistenceUnitInfo [name: default]
2023-09-07T10:00:33.895+02:00  INFO 23907 --- [           main] org.hibernate.Version                    : HHH000412: Hibernate ORM core version 6.2.7.Final
2023-09-07T10:00:33.899+02:00  INFO 23907 --- [           main] org.hibernate.cfg.Environment            : HHH000406: Using bytecode reflection optimizer
2023-09-07T10:00:34.222+02:00  INFO 23907 --- [           main] o.h.b.i.BytecodeProviderInitiator        : HHH000021: Bytecode provider name : bytebuddy
2023-09-07T10:00:34.499+02:00  INFO 23907 --- [           main] o.s.o.j.p.SpringPersistenceUnitInfo      : No LoadTimeWeaver setup: ignoring JPA class transformer
2023-09-07T10:00:34.542+02:00  INFO 23907 --- [           main] com.zaxxer.hikari.HikariDataSource       : HikariPool-1 - Starting...
2023-09-07T10:00:35.122+02:00  INFO 23907 --- [           main] com.zaxxer.hikari.pool.HikariPool        : HikariPool-1 - Added connection conn0: url=jdbc:h2:mem:appzara-test user=TEST
2023-09-07T10:00:35.126+02:00  INFO 23907 --- [           main] com.zaxxer.hikari.HikariDataSource       : HikariPool-1 - Start completed.
2023-09-07T10:00:35.595+02:00  INFO 23907 --- [           main] o.h.b.i.BytecodeProviderInitiator        : HHH000021: Bytecode provider name : bytebuddy
2023-09-07T10:00:36.720+02:00  INFO 23907 --- [           main] o.h.e.t.j.p.i.JtaPlatformInitiator       : HHH000490: Using JtaPlatform implementation: [org.hibernate.engine.transaction.jta.platform.internal.NoJtaPlatform]
Hibernate: 
    drop table if exists price cascade 
Hibernate: 
    create table price (
        amount numeric(12,2) not null,
        brand_id integer not null,
        priority integer not null,
        rate integer not null,
        end_date timestamp(6) not null,
        id bigint generated by default as identity,
        start_date timestamp(6) not null,
        currency varchar(255) not null,
        product_id varchar(255) not null,
        primary key (id)
    )
2023-09-07T10:00:36.790+02:00  INFO 23907 --- [           main] j.LocalContainerEntityManagerFactoryBean : Initialized JPA EntityManagerFactory for persistence unit 'default'
2023-09-07T10:00:37.224+02:00  INFO 23907 --- [           main] o.s.d.j.r.query.QueryEnhancerFactory     : Hibernate is in classpath; If applicable, HQL parser will be used.
2023-09-07T10:00:38.278+02:00  WARN 23907 --- [           main] JpaBaseConfiguration$JpaWebConfiguration : spring.jpa.open-in-view is enabled by default. Therefore, database queries may be performed during view rendering. Explicitly configure spring.jpa.open-in-view to disable this warning
2023-09-07T10:00:38.778+02:00  INFO 23907 --- [           main] o.s.b.a.h2.H2ConsoleAutoConfiguration    : H2 console available at '/h2-console'. Database available at 'jdbc:h2:mem:appzara-test'
2023-09-07T10:00:38.877+02:00  INFO 23907 --- [           main] o.s.b.t.m.w.SpringBootMockServletContext : Initializing Spring TestDispatcherServlet ''
2023-09-07T10:00:38.878+02:00  INFO 23907 --- [           main] o.s.t.web.servlet.TestDispatcherServlet  : Initializing Servlet ''
2023-09-07T10:00:38.880+02:00  INFO 23907 --- [           main] o.s.t.web.servlet.TestDispatcherServlet  : Completed initialization in 1 ms
2023-09-07T10:00:38.910+02:00  INFO 23907 --- [           main] c.a.r.controller.PriceControllerITest    : Started PriceControllerITest in 7.874 seconds (process running for 10.617)
2023-09-07T10:00:39.724+02:00  INFO 23907 --- [           main] com.appzara.controller.PriceController   : PriceController - method getPrice received request with parameters startDate: 2020-06-14-10.00.00 - productId: 35455 - brandId: 1
2023-09-07T10:00:39.724+02:00  INFO 23907 --- [           main] com.appzara.usecase.PriceUseCase         : PriceUseCase - method getPrice parameters - date: 2020-06-14-10.00.00, productId: 35455, brandId: 1
2023-09-07T10:00:39.735+02:00  INFO 23907 --- [           main] com.appzara.service.PriceServiceImpl     : PriceServiceImpl - query to priceRepository with parameters - startDate: 2020-06-14T10:00, productId: 35455, brandId: 1
Hibernate: 
    select
        p1_0.id,
        p1_0.amount,
        p1_0.brand_id,
        p1_0.currency,
        p1_0.end_date,
        p1_0.priority,
        p1_0.product_id,
        p1_0.rate,
        p1_0.start_date 
    from
        price p1_0 
    where
        p1_0.start_date<? 
        or p1_0.end_date>? 
        and p1_0.product_id=? 
        and p1_0.brand_id=? 
    order by
        p1_0.amount

MockHttpServletRequest:
      HTTP Method = GET
      Request URI = /price/startDate/2020-06-14-10.00.00/productId/35455/brandId/1
       Parameters = {}
          Headers = [Content-Type:"application/json;charset=UTF-8"]
             Body = null
    Session Attrs = {}

Handler:
             Type = com.appzara.controller.PriceController
           Method = com.appzara.controller.PriceController#getPrice(String, String, String)

Async:
    Async started = false
     Async result = null

Resolved Exception:
             Type = null

ModelAndView:
        View name = null
             View = null
            Model = null

FlashMap:
       Attributes = null

MockHttpServletResponse:
           Status = 302
    Error message = null
          Headers = [Content-Type:"application/json"]
     Content type = application/json
             Body = [{"brandId":1,"productId":"35455","priority":1,"rate":2,"startDate":"2020-06-14T15:00:00","endDate":"2020-06-14T18:30:00","amount":25.45},{"brandId":1,"productId":"35455","priority":1,"rate":3,"startDate":"2020-06-15T00:00:00","endDate":"2020-06-15T11:00:00","amount":30.50},{"brandId":1,"productId":"35455","priority":1,"rate":4,"startDate":"2020-06-15T16:00:00","endDate":"2020-12-31T23:59:59","amount":38.95}]
    Forwarded URL = null
   Redirected URL = null
          Cookies = []
]]></system-out>
  </testcase>
  <testcase name="should_return_price_list_case_2_test" classname="com.appzara.rest.controller.PriceControllerITest" time="0.02">
    <system-out><![CDATA[2023-09-07T10:00:40.176+02:00  INFO 23907 --- [           main] com.appzara.controller.PriceController   : PriceController - method getPrice received request with parameters startDate: 2020-06-14-16.00.00 - productId: 35455 - brandId: 1
2023-09-07T10:00:40.177+02:00  INFO 23907 --- [           main] com.appzara.usecase.PriceUseCase         : PriceUseCase - method getPrice parameters - date: 2020-06-14-16.00.00, productId: 35455, brandId: 1
2023-09-07T10:00:40.178+02:00  INFO 23907 --- [           main] com.appzara.service.PriceServiceImpl     : PriceServiceImpl - query to priceRepository with parameters - startDate: 2020-06-14T16:00, productId: 35455, brandId: 1
Hibernate: 
    select
        p1_0.id,
        p1_0.amount,
        p1_0.brand_id,
        p1_0.currency,
        p1_0.end_date,
        p1_0.priority,
        p1_0.product_id,
        p1_0.rate,
        p1_0.start_date 
    from
        price p1_0 
    where
        p1_0.start_date<? 
        or p1_0.end_date>? 
        and p1_0.product_id=? 
        and p1_0.brand_id=? 
    order by
        p1_0.amount

MockHttpServletRequest:
      HTTP Method = GET
      Request URI = /price/startDate/2020-06-14-16.00.00/productId/35455/brandId/1
       Parameters = {}
          Headers = [Content-Type:"application/json;charset=UTF-8"]
             Body = null
    Session Attrs = {}

Handler:
             Type = com.appzara.controller.PriceController
           Method = com.appzara.controller.PriceController#getPrice(String, String, String)

Async:
    Async started = false
     Async result = null

Resolved Exception:
             Type = null

ModelAndView:
        View name = null
             View = null
            Model = null

FlashMap:
       Attributes = null

MockHttpServletResponse:
           Status = 302
    Error message = null
          Headers = [Content-Type:"application/json"]
     Content type = application/json
             Body = [{"brandId":1,"productId":"35455","priority":1,"rate":2,"startDate":"2020-06-14T15:00:00","endDate":"2020-06-14T18:30:00","amount":25.45},{"brandId":1,"productId":"35455","priority":1,"rate":3,"startDate":"2020-06-15T00:00:00","endDate":"2020-06-15T11:00:00","amount":30.50},{"brandId":1,"productId":"35455","priority":1,"rate":4,"startDate":"2020-06-15T16:00:00","endDate":"2020-12-31T23:59:59","amount":38.95}]
    Forwarded URL = null
   Redirected URL = null
          Cookies = []
]]></system-out>
  </testcase>
  <testcase name="should_return_price_list_case_3_test" classname="com.appzara.rest.controller.PriceControllerITest" time="0.017">
    <system-out><![CDATA[2023-09-07T10:00:40.199+02:00  INFO 23907 --- [           main] com.appzara.controller.PriceController   : PriceController - method getPrice received request with parameters startDate: 2020-06-14-21.00.00 - productId: 35455 - brandId: 1
2023-09-07T10:00:40.199+02:00  INFO 23907 --- [           main] com.appzara.usecase.PriceUseCase         : PriceUseCase - method getPrice parameters - date: 2020-06-14-21.00.00, productId: 35455, brandId: 1
2023-09-07T10:00:40.200+02:00  INFO 23907 --- [           main] com.appzara.service.PriceServiceImpl     : PriceServiceImpl - query to priceRepository with parameters - startDate: 2020-06-14T21:00, productId: 35455, brandId: 1
Hibernate: 
    select
        p1_0.id,
        p1_0.amount,
        p1_0.brand_id,
        p1_0.currency,
        p1_0.end_date,
        p1_0.priority,
        p1_0.product_id,
        p1_0.rate,
        p1_0.start_date 
    from
        price p1_0 
    where
        p1_0.start_date<? 
        or p1_0.end_date>? 
        and p1_0.product_id=? 
        and p1_0.brand_id=? 
    order by
        p1_0.amount

MockHttpServletRequest:
      HTTP Method = GET
      Request URI = /price/startDate/2020-06-14-21.00.00/productId/35455/brandId/1
       Parameters = {}
          Headers = [Content-Type:"application/json;charset=UTF-8"]
             Body = null
    Session Attrs = {}

Handler:
             Type = com.appzara.controller.PriceController
           Method = com.appzara.controller.PriceController#getPrice(String, String, String)

Async:
    Async started = false
     Async result = null

Resolved Exception:
             Type = null

ModelAndView:
        View name = null
             View = null
            Model = null

FlashMap:
       Attributes = null

MockHttpServletResponse:
           Status = 302
    Error message = null
          Headers = [Content-Type:"application/json"]
     Content type = application/json
             Body = [{"brandId":1,"productId":"35455","priority":1,"rate":2,"startDate":"2020-06-14T15:00:00","endDate":"2020-06-14T18:30:00","amount":25.45},{"brandId":1,"productId":"35455","priority":1,"rate":3,"startDate":"2020-06-15T00:00:00","endDate":"2020-06-15T11:00:00","amount":30.50},{"brandId":1,"productId":"35455","priority":1,"rate":4,"startDate":"2020-06-15T16:00:00","endDate":"2020-12-31T23:59:59","amount":38.95}]
    Forwarded URL = null
   Redirected URL = null
          Cookies = []
]]></system-out>
  </testcase>
  <testcase name="should_return_price_list_case_4_test" classname="com.appzara.rest.controller.PriceControllerITest" time="0.02">
    <system-out><![CDATA[2023-09-07T10:00:40.217+02:00  INFO 23907 --- [           main] com.appzara.controller.PriceController   : PriceController - method getPrice received request with parameters startDate: 2020-06-15-10.00.00 - productId: 35455 - brandId: 1
2023-09-07T10:00:40.218+02:00  INFO 23907 --- [           main] com.appzara.usecase.PriceUseCase         : PriceUseCase - method getPrice parameters - date: 2020-06-15-10.00.00, productId: 35455, brandId: 1
2023-09-07T10:00:40.219+02:00  INFO 23907 --- [           main] com.appzara.service.PriceServiceImpl     : PriceServiceImpl - query to priceRepository with parameters - startDate: 2020-06-15T10:00, productId: 35455, brandId: 1
Hibernate: 
    select
        p1_0.id,
        p1_0.amount,
        p1_0.brand_id,
        p1_0.currency,
        p1_0.end_date,
        p1_0.priority,
        p1_0.product_id,
        p1_0.rate,
        p1_0.start_date 
    from
        price p1_0 
    where
        p1_0.start_date<? 
        or p1_0.end_date>? 
        and p1_0.product_id=? 
        and p1_0.brand_id=? 
    order by
        p1_0.amount

MockHttpServletRequest:
      HTTP Method = GET
      Request URI = /price/startDate/2020-06-15-10.00.00/productId/35455/brandId/1
       Parameters = {}
          Headers = [Content-Type:"application/json;charset=UTF-8"]
             Body = null
    Session Attrs = {}

Handler:
             Type = com.appzara.controller.PriceController
           Method = com.appzara.controller.PriceController#getPrice(String, String, String)

Async:
    Async started = false
     Async result = null

Resolved Exception:
             Type = null

ModelAndView:
        View name = null
             View = null
            Model = null

FlashMap:
       Attributes = null

MockHttpServletResponse:
           Status = 302
    Error message = null
          Headers = [Content-Type:"application/json"]
     Content type = application/json
             Body = [{"brandId":1,"productId":"35455","priority":1,"rate":2,"startDate":"2020-06-14T15:00:00","endDate":"2020-06-14T18:30:00","amount":25.45},{"brandId":1,"productId":"35455","priority":1,"rate":3,"startDate":"2020-06-15T00:00:00","endDate":"2020-06-15T11:00:00","amount":30.50},{"brandId":1,"productId":"35455","priority":1,"rate":4,"startDate":"2020-06-15T16:00:00","endDate":"2020-12-31T23:59:59","amount":38.95}]
    Forwarded URL = null
   Redirected URL = null
          Cookies = []
]]></system-out>
  </testcase>
  <testcase name="should_return_price_list_case_5_test" classname="com.appzara.rest.controller.PriceControllerITest" time="0.017">
    <system-out><![CDATA[2023-09-07T10:00:40.240+02:00  INFO 23907 --- [           main] com.appzara.controller.PriceController   : PriceController - method getPrice received request with parameters startDate: 2020-06-16-21.00.00 - productId: 35455 - brandId: 1
2023-09-07T10:00:40.241+02:00  INFO 23907 --- [           main] com.appzara.usecase.PriceUseCase         : PriceUseCase - method getPrice parameters - date: 2020-06-16-21.00.00, productId: 35455, brandId: 1
2023-09-07T10:00:40.242+02:00  INFO 23907 --- [           main] com.appzara.service.PriceServiceImpl     : PriceServiceImpl - query to priceRepository with parameters - startDate: 2020-06-16T21:00, productId: 35455, brandId: 1
Hibernate: 
    select
        p1_0.id,
        p1_0.amount,
        p1_0.brand_id,
        p1_0.currency,
        p1_0.end_date,
        p1_0.priority,
        p1_0.product_id,
        p1_0.rate,
        p1_0.start_date 
    from
        price p1_0 
    where
        p1_0.start_date<? 
        or p1_0.end_date>? 
        and p1_0.product_id=? 
        and p1_0.brand_id=? 
    order by
        p1_0.amount

MockHttpServletRequest:
      HTTP Method = GET
      Request URI = /price/startDate/2020-06-16-21.00.00/productId/35455/brandId/1
       Parameters = {}
          Headers = [Content-Type:"application/json;charset=UTF-8"]
             Body = null
    Session Attrs = {}

Handler:
             Type = com.appzara.controller.PriceController
           Method = com.appzara.controller.PriceController#getPrice(String, String, String)

Async:
    Async started = false
     Async result = null

Resolved Exception:
             Type = null

ModelAndView:
        View name = null
             View = null
            Model = null

FlashMap:
       Attributes = null

MockHttpServletResponse:
           Status = 302
    Error message = null
          Headers = [Content-Type:"application/json"]
     Content type = application/json
             Body = [{"brandId":1,"productId":"35455","priority":1,"rate":2,"startDate":"2020-06-14T15:00:00","endDate":"2020-06-14T18:30:00","amount":25.45},{"brandId":1,"productId":"35455","priority":1,"rate":3,"startDate":"2020-06-15T00:00:00","endDate":"2020-06-15T11:00:00","amount":30.50},{"brandId":1,"productId":"35455","priority":1,"rate":4,"startDate":"2020-06-15T16:00:00","endDate":"2020-12-31T23:59:59","amount":38.95}]
    Forwarded URL = null
   Redirected URL = null
          Cookies = []
]]></system-out>
  </testcase>
</testsuite>